<?xml version="1.0" encoding="UTF-8"?>
<!-- Generated by org.testng.reporters.JUnitReportReporter -->
<testsuite skipped="0" hostname="CDC2-D-6QCBH92" name="Test.Testnglogin" tests="1" failures="0" timestamp="01 Aug 2019 05:41:38 GMT" time="21.472" errors="0">
  <testcase name="test" time="21.472" classname="Test.Testnglogin"/>
</testsuite> <!-- Test.Testnglogin -->
