<?xml version="1.0" encoding="UTF-8"?>
<!-- Generated by org.testng.reporters.JUnitReportReporter -->
<testsuite skipped="0" hostname="CDC2-D-6QCBH92" name="DemoSelenium.robot" tests="1" failures="0" timestamp="02 Aug 2019 05:44:08 GMT" time="37.737" errors="0">
  <testcase name="test" time="37.737" classname="DemoSelenium.robot"/>
</testsuite> <!-- DemoSelenium.robot -->
