<?xml version="1.0" encoding="UTF-8"?>
<!-- Generated by org.testng.reporters.JUnitReportReporter -->
<testsuite skipped="0" hostname="CDC2-D-6QCBH92" name="DemoSelenium.Advance" tests="1" failures="0" timestamp="30 Jul 2019 05:58:42 GMT" time="0.005" errors="0">
  <testcase name="f" time="0.005" classname="DemoSelenium.Advance"/>
</testsuite> <!-- DemoSelenium.Advance -->
