<?xml version="1.0" encoding="UTF-8"?>
<!-- Generated by org.testng.reporters.JUnitReportReporter -->
<testsuite skipped="0" hostname="CDC2-D-6QCBH92" name="Test.testclass" tests="1" failures="0" timestamp="01 Aug 2019 06:48:16 GMT" time="101.598" errors="0">
  <testcase name="Test" time="101.598" classname="Test.testclass"/>
</testsuite> <!-- Test.testclass -->
