<?xml version="1.0" encoding="UTF-8"?>
<!-- Generated by org.testng.reporters.JUnitReportReporter -->
<testsuite skipped="0" hostname="CDC2-D-6QCBH92" name="DemoSelenium.Ajax" tests="1" failures="0" timestamp="31 Jul 2019 06:24:29 GMT" time="1.688" errors="0">
  <testcase name="f" time="1.688" classname="DemoSelenium.Ajax"/>
</testsuite> <!-- DemoSelenium.Ajax -->
